Determining if the pthread_create exist failed with the following output:
Change Dir: /home/ubuntu1404/ros_ws/build/CMakeFiles/CMakeTmp

Run Build Command:/usr/bin/make "cmTryCompileExec3205862149/fast"
/usr/bin/make -f CMakeFiles/cmTryCompileExec3205862149.dir/build.make CMakeFiles/cmTryCompileExec3205862149.dir/build
make[1]: 正在进入目录 `/home/ubuntu1404/ros_ws/build/CMakeFiles/CMakeTmp'
/usr/bin/cmake -E cmake_progress_report /home/ubuntu1404/ros_ws/build/CMakeFiles/CMakeTmp/CMakeFiles 1
Building C object CMakeFiles/cmTryCompileExec3205862149.dir/CheckSymbolExists.c.o
/usr/bin/cc    -o CMakeFiles/cmTryCompileExec3205862149.dir/CheckSymbolExists.c.o   -c /home/ubuntu1404/ros_ws/build/CMakeFiles/CMakeTmp/CheckSymbolExists.c
Linking C executable cmTryCompileExec3205862149
/usr/bin/cmake -E cmake_link_script CMakeFiles/cmTryCompileExec3205862149.dir/link.txt --verbose=1
/usr/bin/cc       CMakeFiles/cmTryCompileExec3205862149.dir/CheckSymbolExists.c.o  -o cmTryCompileExec3205862149 -rdynamic 
CMakeFiles/cmTryCompileExec3205862149.dir/CheckSymbolExists.c.o：在函数‘main’中：
CheckSymbolExists.c:(.text+0x16)：对‘pthread_create’未定义的引用
collect2: error: ld returned 1 exit status
make[1]:正在离开目录 `/home/ubuntu1404/ros_ws/build/CMakeFiles/CMakeTmp'
make[1]: *** [cmTryCompileExec3205862149] 错误 1
make: *** [cmTryCompileExec3205862149/fast] 错误 2

File /home/ubuntu1404/ros_ws/build/CMakeFiles/CMakeTmp/CheckSymbolExists.c:
/* */
#include <pthread.h>

int main(int argc, char** argv)
{
  (void)argv;
#ifndef pthread_create
  return ((int*)(&pthread_create))[argc];
#else
  (void)argc;
  return 0;
#endif
}

Determining if the function pthread_create exists in the pthreads failed with the following output:
Change Dir: /home/ubuntu1404/ros_ws/build/CMakeFiles/CMakeTmp

Run Build Command:/usr/bin/make "cmTryCompileExec1901193193/fast"
/usr/bin/make -f CMakeFiles/cmTryCompileExec1901193193.dir/build.make CMakeFiles/cmTryCompileExec1901193193.dir/build
make[1]: 正在进入目录 `/home/ubuntu1404/ros_ws/build/CMakeFiles/CMakeTmp'
/usr/bin/cmake -E cmake_progress_report /home/ubuntu1404/ros_ws/build/CMakeFiles/CMakeTmp/CMakeFiles 1
Building C object CMakeFiles/cmTryCompileExec1901193193.dir/CheckFunctionExists.c.o
/usr/bin/cc   -DCHECK_FUNCTION_EXISTS=pthread_create   -o CMakeFiles/cmTryCompileExec1901193193.dir/CheckFunctionExists.c.o   -c /usr/share/cmake-2.8/Modules/CheckFunctionExists.c
Linking C executable cmTryCompileExec1901193193
/usr/bin/cmake -E cmake_link_script CMakeFiles/cmTryCompileExec1901193193.dir/link.txt --verbose=1
/usr/bin/cc   -DCHECK_FUNCTION_EXISTS=pthread_create    CMakeFiles/cmTryCompileExec1901193193.dir/CheckFunctionExists.c.o  -o cmTryCompileExec1901193193 -rdynamic -lpthreads 
/usr/bin/ld: 找不到 -lpthreads
collect2: error: ld returned 1 exit status
make[1]:正在离开目录 `/home/ubuntu1404/ros_ws/build/CMakeFiles/CMakeTmp'
make[1]: *** [cmTryCompileExec1901193193] 错误 1
make: *** [cmTryCompileExec1901193193/fast] 错误 2


